2025-01-09T19:40:23.367-05:00  INFO 10184 --- [restartedMain] o.t.tech_flow.TechFlowApplication        : Starting TechFlowApplication using Java 17.0.12 with PID 10184 (C:\Users\kpola\Desktop\launchcode\liftoff\liftoff-dec24-group3\build\classes\java\main started by kpola in C:\Users\kpola\Desktop\launchcode\liftoff\liftoff-dec24-group3)
2025-01-09T19:40:23.371-05:00  INFO 10184 --- [restartedMain] o.t.tech_flow.TechFlowApplication        : No active profile set, falling back to 1 default profile: "default"
2025-01-09T19:40:23.523-05:00  INFO 10184 --- [restartedMain] .e.DevToolsPropertyDefaultsPostProcessor : Devtools property defaults active! Set 'spring.devtools.add-properties' to 'false' to disable
2025-01-09T19:40:23.524-05:00  INFO 10184 --- [restartedMain] .e.DevToolsPropertyDefaultsPostProcessor : For additional web related logging consider setting the 'logging.level.web' property to 'DEBUG'
2025-01-09T19:40:25.398-05:00  INFO 10184 --- [restartedMain] .s.d.r.c.RepositoryConfigurationDelegate : Bootstrapping Spring Data JPA repositories in DEFAULT mode.
2025-01-09T19:40:25.521-05:00  INFO 10184 --- [restartedMain] .s.d.r.c.RepositoryConfigurationDelegate : Finished Spring Data repository scanning in 101 ms. Found 2 JPA repository interfaces.
2025-01-09T19:40:26.886-05:00  INFO 10184 --- [restartedMain] o.s.b.w.embedded.tomcat.TomcatWebServer  : Tomcat initialized with port 8080 (http)
2025-01-09T19:40:26.913-05:00  INFO 10184 --- [restartedMain] o.apache.catalina.core.StandardService   : Starting service [Tomcat]
2025-01-09T19:40:26.914-05:00  INFO 10184 --- [restartedMain] o.apache.catalina.core.StandardEngine    : Starting Servlet engine: [Apache Tomcat/10.1.33]
2025-01-09T19:40:27.032-05:00  INFO 10184 --- [restartedMain] o.a.c.c.C.[Tomcat].[localhost].[/]       : Initializing Spring embedded WebApplicationContext
2025-01-09T19:40:27.033-05:00  INFO 10184 --- [restartedMain] w.s.c.ServletWebServerApplicationContext : Root WebApplicationContext: initialization completed in 3508 ms
2025-01-09T19:40:27.367-05:00  INFO 10184 --- [restartedMain] o.hibernate.jpa.internal.util.LogHelper  : HHH000204: Processing PersistenceUnitInfo [name: default]
2025-01-09T19:40:27.498-05:00  INFO 10184 --- [restartedMain] org.hibernate.Version                    : HHH000412: Hibernate ORM core version 6.6.2.Final
2025-01-09T19:40:27.574-05:00  INFO 10184 --- [restartedMain] o.h.c.internal.RegionFactoryInitiator    : HHH000026: Second-level cache disabled
2025-01-09T19:40:28.215-05:00  INFO 10184 --- [restartedMain] o.s.o.j.p.SpringPersistenceUnitInfo      : No LoadTimeWeaver setup: ignoring JPA class transformer
2025-01-09T19:40:28.289-05:00  INFO 10184 --- [restartedMain] com.zaxxer.hikari.HikariDataSource       : HikariPool-1 - Starting...
2025-01-09T19:40:28.992-05:00  INFO 10184 --- [restartedMain] com.zaxxer.hikari.pool.HikariPool        : HikariPool-1 - Added connection com.mysql.cj.jdbc.ConnectionImpl@27b1840d
2025-01-09T19:40:28.998-05:00  INFO 10184 --- [restartedMain] com.zaxxer.hikari.HikariDataSource       : HikariPool-1 - Start completed.
2025-01-09T19:40:29.123-05:00  WARN 10184 --- [restartedMain] org.hibernate.orm.deprecation            : HHH90000025: MySQL8Dialect does not need to be specified explicitly using 'hibernate.dialect' (remove the property setting and it will be selected by default)
2025-01-09T19:40:29.133-05:00  WARN 10184 --- [restartedMain] org.hibernate.orm.deprecation            : HHH90000026: MySQL8Dialect has been deprecated; use org.hibernate.dialect.MySQLDialect instead
2025-01-09T19:40:29.191-05:00  INFO 10184 --- [restartedMain] org.hibernate.orm.connections.pooling    : HHH10001005: Database info:
	Database JDBC URL [Connecting through datasource 'HikariDataSource (HikariPool-1)']
	Database driver: undefined/unknown
	Database version: 8.0
	Autocommit mode: undefined/unknown
	Isolation level: undefined/unknown
	Minimum pool size: undefined/unknown
	Maximum pool size: undefined/unknown
2025-01-09T19:40:32.020-05:00  INFO 10184 --- [restartedMain] o.h.m.i.EntityInstantiatorPojoStandard   : HHH000182: No default (no-argument) constructor for class: org.taskntech.tech_flow.models.User (class must be instantiated by Interceptor)
2025-01-09T19:40:32.714-05:00  INFO 10184 --- [restartedMain] o.h.e.t.j.p.i.JtaPlatformInitiator       : HHH000489: No JTA platform available (set 'hibernate.transaction.jta.platform' to enable JTA platform integration)
2025-01-09T19:40:32.871-05:00  INFO 10184 --- [restartedMain] j.LocalContainerEntityManagerFactoryBean : Initialized JPA EntityManagerFactory for persistence unit 'default'
2025-01-09T19:40:33.559-05:00  WARN 10184 --- [restartedMain] JpaBaseConfiguration$JpaWebConfiguration : spring.jpa.open-in-view is enabled by default. Therefore, database queries may be performed during view rendering. Explicitly configure spring.jpa.open-in-view to disable this warning
2025-01-09T19:40:34.649-05:00  INFO 10184 --- [restartedMain] o.s.b.d.a.OptionalLiveReloadServer       : LiveReload server is running on port 35729
2025-01-09T19:40:34.705-05:00  INFO 10184 --- [restartedMain] o.s.b.w.embedded.tomcat.TomcatWebServer  : Tomcat started on port 8080 (http) with context path '/'
2025-01-09T19:40:34.721-05:00  INFO 10184 --- [restartedMain] o.t.tech_flow.TechFlowApplication        : Started TechFlowApplication in 12.802 seconds (process running for 15.212)
2025-01-09T19:40:40.734-05:00  INFO 10184 --- [http-nio-8080-exec-1] o.a.c.c.C.[Tomcat].[localhost].[/]       : Initializing Spring DispatcherServlet 'dispatcherServlet'
2025-01-09T19:40:40.735-05:00  INFO 10184 --- [http-nio-8080-exec-1] o.s.web.servlet.DispatcherServlet        : Initializing Servlet 'dispatcherServlet'
2025-01-09T19:40:40.737-05:00  INFO 10184 --- [http-nio-8080-exec-1] o.s.web.servlet.DispatcherServlet        : Completed initialization in 1 ms
2025-01-09T19:42:03.640-05:00  INFO 14296 --- [restartedMain] o.t.tech_flow.TechFlowApplication        : Starting TechFlowApplication using Java 17.0.12 with PID 14296 (C:\Users\kpola\Desktop\launchcode\liftoff\liftoff-dec24-group3\build\classes\java\main started by kpola in C:\Users\kpola\Desktop\launchcode\liftoff\liftoff-dec24-group3)
2025-01-09T19:42:03.649-05:00  INFO 14296 --- [restartedMain] o.t.tech_flow.TechFlowApplication        : No active profile set, falling back to 1 default profile: "default"
2025-01-09T19:42:03.782-05:00  INFO 14296 --- [restartedMain] .e.DevToolsPropertyDefaultsPostProcessor : Devtools property defaults active! Set 'spring.devtools.add-properties' to 'false' to disable
2025-01-09T19:42:03.782-05:00  INFO 14296 --- [restartedMain] .e.DevToolsPropertyDefaultsPostProcessor : For additional web related logging consider setting the 'logging.level.web' property to 'DEBUG'
2025-01-09T19:42:05.821-05:00  INFO 14296 --- [restartedMain] .s.d.r.c.RepositoryConfigurationDelegate : Bootstrapping Spring Data JPA repositories in DEFAULT mode.
2025-01-09T19:42:05.962-05:00  INFO 14296 --- [restartedMain] .s.d.r.c.RepositoryConfigurationDelegate : Finished Spring Data repository scanning in 122 ms. Found 2 JPA repository interfaces.
2025-01-09T19:42:07.400-05:00  INFO 14296 --- [restartedMain] o.s.b.w.embedded.tomcat.TomcatWebServer  : Tomcat initialized with port 8080 (http)
2025-01-09T19:42:07.427-05:00  INFO 14296 --- [restartedMain] o.apache.catalina.core.StandardService   : Starting service [Tomcat]
2025-01-09T19:42:07.428-05:00  INFO 14296 --- [restartedMain] o.apache.catalina.core.StandardEngine    : Starting Servlet engine: [Apache Tomcat/10.1.33]
2025-01-09T19:42:07.545-05:00  INFO 14296 --- [restartedMain] o.a.c.c.C.[Tomcat].[localhost].[/]       : Initializing Spring embedded WebApplicationContext
2025-01-09T19:42:07.545-05:00  INFO 14296 --- [restartedMain] w.s.c.ServletWebServerApplicationContext : Root WebApplicationContext: initialization completed in 3762 ms
2025-01-09T19:42:07.921-05:00  INFO 14296 --- [restartedMain] o.hibernate.jpa.internal.util.LogHelper  : HHH000204: Processing PersistenceUnitInfo [name: default]
2025-01-09T19:42:08.073-05:00  INFO 14296 --- [restartedMain] org.hibernate.Version                    : HHH000412: Hibernate ORM core version 6.6.2.Final
2025-01-09T19:42:08.141-05:00  INFO 14296 --- [restartedMain] o.h.c.internal.RegionFactoryInitiator    : HHH000026: Second-level cache disabled
2025-01-09T19:42:08.746-05:00  INFO 14296 --- [restartedMain] o.s.o.j.p.SpringPersistenceUnitInfo      : No LoadTimeWeaver setup: ignoring JPA class transformer
2025-01-09T19:42:08.803-05:00  INFO 14296 --- [restartedMain] com.zaxxer.hikari.HikariDataSource       : HikariPool-1 - Starting...
2025-01-09T19:42:09.300-05:00  INFO 14296 --- [restartedMain] com.zaxxer.hikari.pool.HikariPool        : HikariPool-1 - Added connection com.mysql.cj.jdbc.ConnectionImpl@640c1845
2025-01-09T19:42:09.305-05:00  INFO 14296 --- [restartedMain] com.zaxxer.hikari.HikariDataSource       : HikariPool-1 - Start completed.
2025-01-09T19:42:09.385-05:00  WARN 14296 --- [restartedMain] org.hibernate.orm.deprecation            : HHH90000025: MySQL8Dialect does not need to be specified explicitly using 'hibernate.dialect' (remove the property setting and it will be selected by default)
2025-01-09T19:42:09.387-05:00  WARN 14296 --- [restartedMain] org.hibernate.orm.deprecation            : HHH90000026: MySQL8Dialect has been deprecated; use org.hibernate.dialect.MySQLDialect instead
2025-01-09T19:42:09.430-05:00  INFO 14296 --- [restartedMain] org.hibernate.orm.connections.pooling    : HHH10001005: Database info:
	Database JDBC URL [Connecting through datasource 'HikariDataSource (HikariPool-1)']
	Database driver: undefined/unknown
	Database version: 8.0
	Autocommit mode: undefined/unknown
	Isolation level: undefined/unknown
	Minimum pool size: undefined/unknown
	Maximum pool size: undefined/unknown
2025-01-09T19:42:10.890-05:00  INFO 14296 --- [restartedMain] o.h.m.i.EntityInstantiatorPojoStandard   : HHH000182: No default (no-argument) constructor for class: org.taskntech.tech_flow.models.User (class must be instantiated by Interceptor)
2025-01-09T19:42:11.164-05:00  INFO 14296 --- [restartedMain] o.h.e.t.j.p.i.JtaPlatformInitiator       : HHH000489: No JTA platform available (set 'hibernate.transaction.jta.platform' to enable JTA platform integration)
2025-01-09T19:42:11.257-05:00  INFO 14296 --- [restartedMain] j.LocalContainerEntityManagerFactoryBean : Initialized JPA EntityManagerFactory for persistence unit 'default'
2025-01-09T19:42:11.713-05:00  WARN 14296 --- [restartedMain] JpaBaseConfiguration$JpaWebConfiguration : spring.jpa.open-in-view is enabled by default. Therefore, database queries may be performed during view rendering. Explicitly configure spring.jpa.open-in-view to disable this warning
2025-01-09T19:42:12.376-05:00  INFO 14296 --- [restartedMain] o.s.b.d.a.OptionalLiveReloadServer       : LiveReload server is running on port 35729
2025-01-09T19:42:12.428-05:00  INFO 14296 --- [restartedMain] o.s.b.w.embedded.tomcat.TomcatWebServer  : Tomcat started on port 8080 (http) with context path '/'
2025-01-09T19:42:12.445-05:00  INFO 14296 --- [restartedMain] o.t.tech_flow.TechFlowApplication        : Started TechFlowApplication in 10.496 seconds (process running for 12.746)
2025-01-09T19:42:19.562-05:00  INFO 14296 --- [http-nio-8080-exec-1] o.a.c.c.C.[Tomcat].[localhost].[/]       : Initializing Spring DispatcherServlet 'dispatcherServlet'
2025-01-09T19:42:19.563-05:00  INFO 14296 --- [http-nio-8080-exec-1] o.s.web.servlet.DispatcherServlet        : Initializing Servlet 'dispatcherServlet'
2025-01-09T19:42:19.571-05:00  INFO 14296 --- [http-nio-8080-exec-1] o.s.web.servlet.DispatcherServlet        : Completed initialization in 7 ms
